# JRE version: Java(TM) SE Runtime Environment (21.0.2+13) (build 21.0.2+13-LTS-58)
# Java VM: Java HotSpot(TM) 64-Bit Server VM (21.0.2+13-LTS-58, mixed mode, tiered, compressed oops, compressed class ptrs, g1 gc, windows-amd64)
GC Precious Log:
 CardTable entry size: 512
 Card Set container configuration: InlinePtr #cards 5 size 8 Array Of Cards #cards 12 size 40 Howl #buckets 4 coarsen threshold 1843 Howl Bitmap #cards 512 size 80 coarsen threshold 460 Card regions per heap region 1 cards per card region 2048
 CPUs: 4 total, 4 available
 Memory: 3911M
 Large Page Support: Disabled
 NUMA Support: Disabled
 Compressed Oops: Enabled (32-bit)
 Heap Region Size: 1M
 Heap Min Capacity: 8M
 Heap Initial Capacity: 62M
 Heap Max Capacity: 978M
 Pre-touch: Disabled
 Parallel Workers: 4
 Concurrent Workers: 1
 Concurrent Refinement Workers: 4
 Periodic GC: Disabled
Heap:
 garbage-first heap   total 30720K, used 15258K [0x00000000c2e00000, 0x0000000100000000)
  region size 1024K, 10 young (10240K), 3 survivors (3072K)
 Metaspace       used 28601K, committed 28864K, reserved 1114112K
  class space    used 3106K, committed 3264K, reserved 1048576K
GC Heap History (10 events):
Event: 2.997 GC heap before
{Heap before GC invocations=0 (full 0):
 garbage-first heap   total 63488K, used 12288K [0x00000000c2e00000, 0x0000000100000000)
  region size 1024K, 13 young (13312K), 0 survivors (0K)
 Metaspace       used 12358K, committed 12608K, reserved 1114112K
  class space    used 1145K, committed 1280K, reserved 1048576K
}
Event: 3.015 GC heap after
{Heap after GC invocations=1 (full 0):
 garbage-first heap   total 63488K, used 3741K [0x00000000c2e00000, 0x0000000100000000)
  region size 1024K, 2 young (2048K), 2 survivors (2048K)
 Metaspace       used 12358K, committed 12608K, reserved 1114112K
  class space    used 1145K, committed 1280K, reserved 1048576K
}
Event: 4.916 GC heap before
{Heap before GC invocations=1 (full 0):
 garbage-first heap   total 63488K, used 18077K [0x00000000c2e00000, 0x0000000100000000)
  region size 1024K, 16 young (16384K), 2 survivors (2048K)
 Metaspace       used 17096K, committed 17408K, reserved 1114112K
  class space    used 1761K, committed 1920K, reserved 1048576K
}
Event: 4.929 GC heap after
{Heap after GC invocations=2 (full 0):
 garbage-first heap   total 63488K, used 5243K [0x00000000c2e00000, 0x0000000100000000)
  region size 1024K, 2 young (2048K), 2 survivors (2048K)
 Metaspace       used 17096K, committed 17408K, reserved 1114112K
  class space    used 1761K, committed 1920K, reserved 1048576K
}
Event: 6.164 GC heap before
{Heap before GC invocations=2 (full 0):
 garbage-first heap   total 63488K, used 17531K [0x00000000c2e00000, 0x0000000100000000)
  region size 1024K, 15 young (15360K), 2 survivors (2048K)
 Metaspace       used 21268K, committed 21504K, reserved 1114112K
  class space    used 2177K, committed 2304K, reserved 1048576K
}
Event: 6.175 GC heap after
{Heap after GC invocations=3 (full 0):
 garbage-first heap   total 63488K, used 6589K [0x00000000c2e00000, 0x0000000100000000)
  region size 1024K, 3 young (3072K), 3 survivors (3072K)
 Metaspace       used 21268K, committed 21504K, reserved 1114112K
  class space    used 2177K, committed 2304K, reserved 1048576K
}
Event: 7.130 GC heap before
{Heap before GC invocations=4 (full 0):
 garbage-first heap   total 30720K, used 20925K [0x00000000c2e00000, 0x0000000100000000)
  region size 1024K, 18 young (18432K), 3 survivors (3072K)
 Metaspace       used 25262K, committed 25536K, reserved 1114112K
  class space    used 2711K, committed 2816K, reserved 1048576K
}
Event: 7.142 GC heap after
{Heap after GC invocations=5 (full 0):
 garbage-first heap   total 30720K, used 7751K [0x00000000c2e00000, 0x0000000100000000)
  region size 1024K, 3 young (3072K), 3 survivors (3072K)
 Metaspace       used 25262K, committed 25536K, reserved 1114112K
  class space    used 2711K, committed 2816K, reserved 1048576K
}
Event: 9.594 GC heap before
{Heap before GC invocations=5 (full 0):
 garbage-first heap   total 30720K, used 22087K [0x00000000c2e00000, 0x0000000100000000)
  region size 1024K, 17 young (17408K), 3 survivors (3072K)
 Metaspace       used 27323K, committed 27584K, reserved 1114112K
  class space    used 2955K, committed 3072K, reserved 1048576K
}
Event: 9.611 GC heap after
{Heap after GC invocations=6 (full 0):
 garbage-first heap   total 30720K, used 9114K [0x00000000c2e00000, 0x0000000100000000)
  region size 1024K, 3 young (3072K), 3 survivors (3072K)
 Metaspace       used 27323K, committed 27584K, reserved 1114112K
  class space    used 2955K, committed 3072K, reserved 1048576K
}

